#
# There is insufficient memory for the Java Runtime Environment to continue.
# Native memory allocation (malloc) failed to allocate 726928 bytes for Chunk::new
# Possible reasons:
#   The system is out of physical RAM or swap space
#   The process is running with CompressedOops enabled, and the Java Heap may be blocking the growth of the native heap
# Possible solutions:
#   Reduce memory load on the system
#   Increase physical memory or swap space
#   Check if swap backing store is full
#   Decrease Java heap size (-Xmx/-Xms)
#   Decrease number of Java threads
#   Decrease Java thread stack sizes (-Xss)
#   Set larger code cache with -XX:ReservedCodeCacheSize=
#   JVM is running with Unscaled Compressed Oops mode in which the Java heap is
#     placed in the first 4GB address space. The Java Heap base address is the
#     maximum limit for the native heap growth. Please use -XX:HeapBaseMinAddress
#     to set the Java Heap base and to place the Java Heap above 4GB virtual address.
# This output file may be truncated or incomplete.
#
#  Out of Memory Error (allocation.cpp:389), pid=18500, tid=0x0000000000004164
#
# JRE version: Java(TM) SE Runtime Environment (8.0_431) (build 1.8.0_431-b10)
# Java VM: Java HotSpot(TM) 64-Bit Server VM (25.431-b10 mixed mode windows-amd64 compressed oops)
# Failed to write core dump. Minidumps are not enabled by default on client versions of Windows
#

---------------  T H R E A D  ---------------

Current thread (0x000001c23bf26000):  JavaThread "C2 CompilerThread2" daemon [_thread_in_native, id=16740, stack(0x000000949bf00000,0x000000949c000000)]

Stack: [0x000000949bf00000,0x000000949c000000]
Native frames: (J=compiled Java code, j=interpreted, Vv=VM code, C=native code)
V  [jvm.dll+0x34ba89]
V  [jvm.dll+0x288e12]
V  [jvm.dll+0x2899e0]
V  [jvm.dll+0x27dc65]
V  [jvm.dll+0xd9d8c]
V  [jvm.dll+0xda71c]
V  [jvm.dll+0x4e2ae4]
V  [jvm.dll+0x4e1a67]
V  [jvm.dll+0x461921]
V  [jvm.dll+0x460f02]
V  [jvm.dll+0x44abac]
V  [jvm.dll+0xaf385]
V  [jvm.dll+0xada9f]
V  [jvm.dll+0x24e539]
V  [jvm.dll+0x2a595c]
C  [ucrtbase.dll+0x29333]
C  [KERNEL32.DLL+0x1259d]
C  [ntdll.dll+0x5af38]


Current CompileTask:
C2:   3841 1631   !   4       java.net.URLClassLoader$1::run (81 bytes)


---------------  P R O C E S S  ---------------

Java Threads: ( => current thread )
  0x000001c23f173000 JavaThread "Cache worker for file hash cache (C:\Users\super\.gradle\caches\7.6.3\fileHashes)" [_thread_blocked, id=17280, stack(0x000000949cf00000,0x000000949d000000)]
  0x000001c23f177000 JavaThread "File lock request listener" [_thread_in_native, id=17704, stack(0x000000949ce00000,0x000000949cf00000)]
  0x000001c23f174800 JavaThread "Cache worker for journal cache (C:\Users\super\.gradle\caches\journal-1)" [_thread_blocked, id=21308, stack(0x000000949cd00000,0x000000949ce00000)]
  0x000001c23e9f3800 JavaThread "Daemon client event forwarder" [_thread_blocked, id=13392, stack(0x000000949cc00000,0x000000949cd00000)]
  0x000001c23e9ec000 JavaThread "Stdin handler" [_thread_blocked, id=15044, stack(0x000000949cb00000,0x000000949cc00000)]
  0x000001c23e9e7000 JavaThread "Asynchronous log dispatcher for DefaultDaemonConnection: socket connection from /127.0.0.1:61467 to /127.0.0.1:61468" [_thread_blocked, id=21580, stack(0x000000949ca00000,0x000000949cb00000)]
  0x000001c23e989800 JavaThread "Daemon worker" [_thread_in_vm, id=13860, stack(0x000000949c900000,0x000000949ca00000)]
  0x000001c23e988000 JavaThread "Cancel handler" [_thread_blocked, id=18964, stack(0x000000949c800000,0x000000949c900000)]
  0x000001c23e960800 JavaThread "Handler for socket connection from /127.0.0.1:61467 to /127.0.0.1:61468" [_thread_in_native, id=7992, stack(0x000000949c700000,0x000000949c800000)]
  0x000001c23efc2800 JavaThread "Daemon" [_thread_blocked, id=10192, stack(0x000000949c600000,0x000000949c700000)]
  0x000001c23dcd8800 JavaThread "Daemon periodic checks" [_thread_blocked, id=16628, stack(0x000000949c500000,0x000000949c600000)]
  0x000001c23ee14000 JavaThread "Incoming local TCP Connector on port 61467" [_thread_in_native, id=18508, stack(0x000000949c400000,0x000000949c500000)]
  0x000001c23eac5000 JavaThread "Daemon health stats" [_thread_blocked, id=24840, stack(0x000000949c300000,0x000000949c400000)]
  0x000001c23d2c7800 JavaThread "Service Thread" daemon [_thread_blocked, id=16184, stack(0x000000949c100000,0x000000949c200000)]
  0x000001c23bf27000 JavaThread "C1 CompilerThread3" daemon [_thread_blocked, id=13744, stack(0x000000949c000000,0x000000949c100000)]
=>0x000001c23bf26000 JavaThread "C2 CompilerThread2" daemon [_thread_in_native, id=16740, stack(0x000000949bf00000,0x000000949c000000)]
  0x000001c23bf1c800 JavaThread "C2 CompilerThread1" daemon [_thread_blocked, id=10060, stack(0x000000949be00000,0x000000949bf00000)]
  0x000001c23bf14800 JavaThread "C2 CompilerThread0" daemon [_thread_in_native, id=16240, stack(0x000000949bd00000,0x000000949be00000)]
  0x000001c23bf13800 JavaThread "Attach Listener" daemon [_thread_blocked, id=24828, stack(0x000000949bc00000,0x000000949bd00000)]
  0x000001c23bf12800 JavaThread "Signal Dispatcher" daemon [_thread_blocked, id=9428, stack(0x000000949bb00000,0x000000949bc00000)]
  0x000001c23beaa800 JavaThread "Finalizer" daemon [_thread_blocked, id=22268, stack(0x000000949ba00000,0x000000949bb00000)]
  0x000001c23be79800 JavaThread "Reference Handler" daemon [_thread_blocked, id=3544, stack(0x000000949b900000,0x000000949ba00000)]
  0x000001c226428800 JavaThread "main" [_thread_blocked, id=11416, stack(0x000000949af00000,0x000000949b000000)]

Other Threads:
  0x000001c23be70800 VMThread [stack: 0x000000949b800000,0x000000949b900000] [id=1364]
  0x000001c23d2cf000 WatcherThread [stack: 0x000000949c200000,0x000000949c300000] [id=11092]

VM state:not at safepoint (normal execution)

VM Mutex/Monitor currently owned by a thread: None

heap address: 0x00000000a0000000, size: 1536 MB, Compressed Oops mode: 32-bit
Narrow klass base: 0x0000000000000000, Narrow klass shift: 3
Compressed class space size: 1073741824 Address: 0x0000000100000000

Heap:
 PSYoungGen      total 37888K, used 14392K [0x00000000e0000000, 0x00000000e5200000, 0x0000000100000000)
  eden space 32768K, 28% used [0x00000000e0000000,0x00000000e0914d58,0x00000000e2000000)
  from space 5120K, 99% used [0x00000000e2000000,0x00000000e24f9398,0x00000000e2500000)
  to   space 9216K, 0% used [0x00000000e4900000,0x00000000e4900000,0x00000000e5200000)
 ParOldGen       total 86016K, used 5887K [0x00000000a0000000, 0x00000000a5400000, 0x00000000e0000000)
  object space 86016K, 6% used [0x00000000a0000000,0x00000000a05bfc98,0x00000000a5400000)
 Metaspace       used 16878K, capacity 17428K, committed 17792K, reserved 1064960K
  class space    used 2415K, capacity 2588K, committed 2688K, reserved 1048576K

Card table byte_map: [0x000001c237180000,0x000001c237490000] byte_map_base: 0x000001c236c80000

Marking Bits: (ParMarkBitMap*) 0x00007ff8e0f70200
 Begin Bits: [0x000001c237690000, 0x000001c238e90000)
 End Bits:   [0x000001c238e90000, 0x000001c23a690000)

Polling page: 0x000001c2263e0000

CodeCache: size=245760Kb used=5968Kb max_used=5968Kb free=239791Kb
 bounds [0x000001c227dc0000, 0x000001c2283a0000, 0x000001c236dc0000]
 total_blobs=2108 nmethods=1679 adapters=341
 compilation: enabled

Compilation events (10 events):
Event: 3.813 Thread 0x000001c23bf27000 1674       1       java.lang.reflect.Constructor::getConstructorAccessor (5 bytes)
Event: 3.813 Thread 0x000001c23bf27000 nmethod 1674 0x000001c228389350 code [0x000001c2283894a0, 0x000001c2283895b8]
Event: 3.814 Thread 0x000001c23bf27000 1675   !   3       org.gradle.internal.classloader.TransformingClassLoader::findClass (203 bytes)
Event: 3.817 Thread 0x000001c23bf27000 nmethod 1675 0x000001c22838ea50 code [0x000001c22838ef00, 0x000001c228391c80]
Event: 3.817 Thread 0x000001c23bf27000 1676       3       org.gradle.initialization.MixInLegacyTypesClassLoader::shouldTransform (42 bytes)
Event: 3.817 Thread 0x000001c23bf27000 nmethod 1676 0x000001c2283938d0 code [0x000001c228393a60, 0x000001c228393ec0]
Event: 3.820 Thread 0x000001c23bf27000 1677       3       java.lang.ClassLoader::addClass (9 bytes)
Event: 3.821 Thread 0x000001c23bf27000 nmethod 1677 0x000001c228394050 code [0x000001c2283941c0, 0x000001c2283943f0]
Event: 3.822 Thread 0x000001c23bf27000 1678       3       java.util.Collections::emptySet (4 bytes)
Event: 3.822 Thread 0x000001c23bf27000 nmethod 1678 0x000001c2283944d0 code [0x000001c228394620, 0x000001c228394758]

GC Heap History (10 events):
Event: 0.899 GC heap before
{Heap before GC invocations=1 (full 0):
 PSYoungGen      total 37888K, used 32768K [0x00000000e0000000, 0x00000000e2a00000, 0x0000000100000000)
  eden space 32768K, 100% used [0x00000000e0000000,0x00000000e2000000,0x00000000e2000000)
  from space 5120K, 0% used [0x00000000e2500000,0x00000000e2500000,0x00000000e2a00000)
  to   space 5120K, 0% used [0x00000000e2000000,0x00000000e2000000,0x00000000e2500000)
 ParOldGen       total 86016K, used 0K [0x00000000a0000000, 0x00000000a5400000, 0x00000000e0000000)
  object space 86016K, 0% used [0x00000000a0000000,0x00000000a0000000,0x00000000a5400000)
 Metaspace       used 6759K, capacity 6994K, committed 7168K, reserved 1056768K
  class space    used 866K, capacity 955K, committed 1024K, reserved 1048576K
Event: 0.903 GC heap after
Heap after GC invocations=1 (full 0):
 PSYoungGen      total 37888K, used 4701K [0x00000000e0000000, 0x00000000e2a00000, 0x0000000100000000)
  eden space 32768K, 0% used [0x00000000e0000000,0x00000000e0000000,0x00000000e2000000)
  from space 5120K, 91% used [0x00000000e2000000,0x00000000e2497430,0x00000000e2500000)
  to   space 5120K, 0% used [0x00000000e2500000,0x00000000e2500000,0x00000000e2a00000)
 ParOldGen       total 86016K, used 16K [0x00000000a0000000, 0x00000000a5400000, 0x00000000e0000000)
  object space 86016K, 0% used [0x00000000a0000000,0x00000000a0004000,0x00000000a5400000)
 Metaspace       used 6759K, capacity 6994K, committed 7168K, reserved 1056768K
  class space    used 866K, capacity 955K, committed 1024K, reserved 1048576K
}
Event: 1.275 GC heap before
{Heap before GC invocations=2 (full 0):
 PSYoungGen      total 37888K, used 37198K [0x00000000e0000000, 0x00000000e2a00000, 0x0000000100000000)
  eden space 32768K, 99% used [0x00000000e0000000,0x00000000e1fbc768,0x00000000e2000000)
  from space 5120K, 91% used [0x00000000e2000000,0x00000000e2497430,0x00000000e2500000)
  to   space 5120K, 0% used [0x00000000e2500000,0x00000000e2500000,0x00000000e2a00000)
 ParOldGen       total 86016K, used 16K [0x00000000a0000000, 0x00000000a5400000, 0x00000000e0000000)
  object space 86016K, 0% used [0x00000000a0000000,0x00000000a0004000,0x00000000a5400000)
 Metaspace       used 7511K, capacity 7800K, committed 8064K, reserved 1056768K
  class space    used 950K, capacity 1052K, committed 1152K, reserved 1048576K
Event: 1.280 GC heap after
Heap after GC invocations=2 (full 0):
 PSYoungGen      total 37888K, used 4016K [0x00000000e0000000, 0x00000000e2a00000, 0x0000000100000000)
  eden space 32768K, 0% used [0x00000000e0000000,0x00000000e0000000,0x00000000e2000000)
  from space 5120K, 78% used [0x00000000e2500000,0x00000000e28ec358,0x00000000e2a00000)
  to   space 5120K, 0% used [0x00000000e2000000,0x00000000e2000000,0x00000000e2500000)
 ParOldGen       total 86016K, used 24K [0x00000000a0000000, 0x00000000a5400000, 0x00000000e0000000)
  object space 86016K, 0% used [0x00000000a0000000,0x00000000a0006000,0x00000000a5400000)
 Metaspace       used 7511K, capacity 7800K, committed 8064K, reserved 1056768K
  class space    used 950K, capacity 1052K, committed 1152K, reserved 1048576K
}
Event: 1.686 GC heap before
{Heap before GC invocations=3 (full 0):
 PSYoungGen      total 37888K, used 36784K [0x00000000e0000000, 0x00000000e2a00000, 0x0000000100000000)
  eden space 32768K, 100% used [0x00000000e0000000,0x00000000e2000000,0x00000000e2000000)
  from space 5120K, 78% used [0x00000000e2500000,0x00000000e28ec358,0x00000000e2a00000)
  to   space 5120K, 0% used [0x00000000e2000000,0x00000000e2000000,0x00000000e2500000)
 ParOldGen       total 86016K, used 24K [0x00000000a0000000, 0x00000000a5400000, 0x00000000e0000000)
  object space 86016K, 0% used [0x00000000a0000000,0x00000000a0006000,0x00000000a5400000)
 Metaspace       used 9547K, capacity 9878K, committed 10112K, reserved 1058816K
  class space    used 1277K, capacity 1381K, committed 1408K, reserved 1048576K
Event: 1.690 GC heap after
Heap after GC invocations=3 (full 0):
 PSYoungGen      total 37888K, used 5114K [0x00000000e0000000, 0x00000000e2a00000, 0x0000000100000000)
  eden space 32768K, 0% used [0x00000000e0000000,0x00000000e0000000,0x00000000e2000000)
  from space 5120K, 99% used [0x00000000e2000000,0x00000000e24feb28,0x00000000e2500000)
  to   space 5120K, 0% used [0x00000000e2500000,0x00000000e2500000,0x00000000e2a00000)
 ParOldGen       total 86016K, used 353K [0x00000000a0000000, 0x00000000a5400000, 0x00000000e0000000)
  object space 86016K, 0% used [0x00000000a0000000,0x00000000a00587c0,0x00000000a5400000)
 Metaspace       used 9547K, capacity 9878K, committed 10112K, reserved 1058816K
  class space    used 1277K, capacity 1381K, committed 1408K, reserved 1048576K
}
Event: 3.218 GC heap before
{Heap before GC invocations=4 (full 0):
 PSYoungGen      total 37888K, used 37882K [0x00000000e0000000, 0x00000000e2a00000, 0x0000000100000000)
  eden space 32768K, 100% used [0x00000000e0000000,0x00000000e2000000,0x00000000e2000000)
  from space 5120K, 99% used [0x00000000e2000000,0x00000000e24feb28,0x00000000e2500000)
  to   space 5120K, 0% used [0x00000000e2500000,0x00000000e2500000,0x00000000e2a00000)
 ParOldGen       total 86016K, used 353K [0x00000000a0000000, 0x00000000a5400000, 0x00000000e0000000)
  object space 86016K, 0% used [0x00000000a0000000,0x00000000a00587c0,0x00000000a5400000)
 Metaspace       used 13671K, capacity 14080K, committed 14208K, reserved 1060864K
  class space    used 1908K, capacity 2064K, committed 2176K, reserved 1048576K
Event: 3.232 GC heap after
Heap after GC invocations=4 (full 0):
 PSYoungGen      total 37888K, used 5108K [0x00000000e0000000, 0x00000000e2a00000, 0x0000000100000000)
  eden space 32768K, 0% used [0x00000000e0000000,0x00000000e0000000,0x00000000e2000000)
  from space 5120K, 99% used [0x00000000e2500000,0x00000000e29fd3a8,0x00000000e2a00000)
  to   space 5120K, 0% used [0x00000000e2000000,0x00000000e2000000,0x00000000e2500000)
 ParOldGen       total 86016K, used 3395K [0x00000000a0000000, 0x00000000a5400000, 0x00000000e0000000)
  object space 86016K, 3% used [0x00000000a0000000,0x00000000a0350f38,0x00000000a5400000)
 Metaspace       used 13671K, capacity 14080K, committed 14208K, reserved 1060864K
  class space    used 1908K, capacity 2064K, committed 2176K, reserved 1048576K
}
Event: 3.641 GC heap before
{Heap before GC invocations=5 (full 0):
 PSYoungGen      total 37888K, used 37876K [0x00000000e0000000, 0x00000000e2a00000, 0x0000000100000000)
  eden space 32768K, 100% used [0x00000000e0000000,0x00000000e2000000,0x00000000e2000000)
  from space 5120K, 99% used [0x00000000e2500000,0x00000000e29fd3a8,0x00000000e2a00000)
  to   space 5120K, 0% used [0x00000000e2000000,0x00000000e2000000,0x00000000e2500000)
 ParOldGen       total 86016K, used 3395K [0x00000000a0000000, 0x00000000a5400000, 0x00000000e0000000)
  object space 86016K, 3% used [0x00000000a0000000,0x00000000a0350f38,0x00000000a5400000)
 Metaspace       used 15962K, capacity 16462K, committed 16640K, reserved 1062912K
  class space    used 2264K, capacity 2437K, committed 2560K, reserved 1048576K
Event: 3.651 GC heap after
Heap after GC invocations=5 (full 0):
 PSYoungGen      total 37888K, used 5092K [0x00000000e0000000, 0x00000000e5200000, 0x0000000100000000)
  eden space 32768K, 0% used [0x00000000e0000000,0x00000000e0000000,0x00000000e2000000)
  from space 5120K, 99% used [0x00000000e2000000,0x00000000e24f9398,0x00000000e2500000)
  to   space 9216K, 0% used [0x00000000e4900000,0x00000000e4900000,0x00000000e5200000)
 ParOldGen       total 86016K, used 5887K [0x00000000a0000000, 0x00000000a5400000, 0x00000000e0000000)
  object space 86016K, 6% used [0x00000000a0000000,0x00000000a05bfc98,0x00000000a5400000)
 Metaspace       used 15962K, capacity 16462K, committed 16640K, reserved 1062912K
  class space    used 2264K, capacity 2437K, committed 2560K, reserved 1048576K
}

Deoptimization events (10 events):
Event: 2.986 Thread 0x000001c23e989800 Uncommon trap: reason=bimorphic action=maybe_recompile pc=0x000001c22823b534 method=java.util.HashMap.putVal(ILjava/lang/Object;Ljava/lang/Object;ZZ)Ljava/lang/Object; @ 253
Event: 3.174 Thread 0x000001c23e989800 Uncommon trap: reason=class_check action=maybe_recompile pc=0x000001c228155788 method=java.util.regex.Matcher.match(II)Z @ 86
Event: 3.196 Thread 0x000001c23e989800 Uncommon trap: reason=class_check action=maybe_recompile pc=0x000001c228155788 method=java.util.regex.Matcher.match(II)Z @ 86
Event: 3.306 Thread 0x000001c23e989800 Uncommon trap: reason=class_check action=maybe_recompile pc=0x000001c228155788 method=java.util.regex.Matcher.match(II)Z @ 86
Event: 3.307 Thread 0x000001c23e989800 Uncommon trap: reason=class_check action=maybe_recompile pc=0x000001c227f84228 method=java.util.regex.Matcher.match(II)Z @ 86
Event: 3.342 Thread 0x000001c23e989800 Uncommon trap: reason=predicate action=maybe_recompile pc=0x000001c22833d67c method=java.util.AbstractCollection.toArray([Ljava/lang/Object;)[Ljava/lang/Object; @ 49
Event: 3.431 Thread 0x000001c23e989800 Uncommon trap: reason=unstable_if action=reinterpret pc=0x000001c227f91db4 method=java.io.WinNTFileSystem.resolve(Ljava/lang/String;Ljava/lang/String;)Ljava/lang/String; @ 19
Event: 3.434 Thread 0x000001c23e989800 Uncommon trap: reason=unstable_if action=reinterpret pc=0x000001c228146c24 method=java.io.File.getName()Ljava/lang/String; @ 16
Event: 3.434 Thread 0x000001c23e989800 Uncommon trap: reason=unstable_if action=reinterpret pc=0x000001c22813d660 method=java.lang.String.substring(I)Ljava/lang/String; @ 35
Event: 3.582 Thread 0x000001c23e9f3800 Uncommon trap: reason=unstable_if action=reinterpret pc=0x000001c228243c78 method=java.util.concurrent.ConcurrentHashMap.putVal(Ljava/lang/Object;Ljava/lang/Object;Z)Ljava/lang/Object; @ 206

Classes redefined (0 events):
No events

Internal exceptions (10 events):
Event: 1.768 Thread 0x000001c226428800 Exception <a 'java/lang/NoSuchMethodError': java.lang.Object.lambda$get$0(Ljava/util/function/Supplier;Ljava/lang/Object;)Ljava/lang/Object;> (0x00000000e05ffa28) thrown at [C:\jenkins\workspace\8-2-build-windows-x64-cygwin-sans-NAS\jdk8u431\1359\hotspot\
Event: 2.883 Thread 0x000001c226428800 Exception <a 'java/io/IOException'> (0x00000000e09b5bb0) thrown at [C:\jenkins\workspace\8-2-build-windows-x64-cygwin-sans-NAS\jdk8u431\1359\hotspot\src\share\vm\prims\jni.cpp, line 710]
Event: 3.398 Thread 0x000001c23e989800 Exception <a 'java/lang/NoSuchMethodError': java.lang.Object.lambda$static$0(Lorg/gradle/internal/state/ModelObject;)Ljava/lang/String;> (0x00000000e07c69c0) thrown at [C:\jenkins\workspace\8-2-build-windows-x64-cygwin-sans-NAS\jdk8u431\1359\hotspot\src\s
Event: 3.584 Thread 0x000001c23e9f3800 Exception <a 'java/lang/NoSuchMethodError': <clinit>> (0x00000000e1743af8) thrown at [C:\jenkins\workspace\8-2-build-windows-x64-cygwin-sans-NAS\jdk8u431\1359\hotspot\src\share\vm\prims\jni.cpp, line 1620]
Event: 3.586 Thread 0x000001c23e9f3800 Exception <a 'java/lang/NoSuchMethodError': <clinit>> (0x00000000e1745f58) thrown at [C:\jenkins\workspace\8-2-build-windows-x64-cygwin-sans-NAS\jdk8u431\1359\hotspot\src\share\vm\prims\jni.cpp, line 1620]
Event: 3.587 Thread 0x000001c23e9f3800 Exception <a 'java/lang/NoSuchMethodError': <clinit>> (0x00000000e1750770) thrown at [C:\jenkins\workspace\8-2-build-windows-x64-cygwin-sans-NAS\jdk8u431\1359\hotspot\src\share\vm\prims\jni.cpp, line 1620]
Event: 3.596 Thread 0x000001c23e9f3800 Exception <a 'java/lang/NoSuchMethodError': <clinit>> (0x00000000e17612b8) thrown at [C:\jenkins\workspace\8-2-build-windows-x64-cygwin-sans-NAS\jdk8u431\1359\hotspot\src\share\vm\prims\jni.cpp, line 1620]
Event: 3.759 Thread 0x000001c23e989800 Exception <a 'java/lang/NoSuchMethodError': java.lang.Object.lambda$and$0(Ljava/util/function/Predicate;Ljava/lang/Object;)Z> (0x00000000e0523488) thrown at [C:\jenkins\workspace\8-2-build-windows-x64-cygwin-sans-NAS\jdk8u431\1359\hotspot\src\share\vm\int
Event: 3.789 Thread 0x000001c23e989800 Exception <a 'java/lang/IncompatibleClassChangeError': Found class java.lang.Object, but interface was expected> (0x00000000e0533d50) thrown at [C:\jenkins\workspace\8-2-build-windows-x64-cygwin-sans-NAS\jdk8u431\1359\hotspot\src\share\vm\interpreter\link
Event: 3.798 Thread 0x000001c23e989800 Exception <a 'java/lang/NoSuchMethodError': java.lang.Object.lambda$or$2(Ljava/util/function/Predicate;Ljava/lang/Object;)Z> (0x00000000e0538b00) thrown at [C:\jenkins\workspace\8-2-build-windows-x64-cygwin-sans-NAS\jdk8u431\1359\hotspot\src\share\vm\inte

Events (10 events):
Event: 3.821 loading class org/gradle/internal/fingerprint/hashing/ConfigurableNormalizer
Event: 3.821 loading class org/gradle/internal/fingerprint/hashing/ConfigurableNormalizer done
Event: 3.821 loading class org/gradle/internal/fingerprint/hashing/RegularFileSnapshotContextHasher
Event: 3.821 loading class org/gradle/internal/fingerprint/hashing/RegularFileSnapshotContextHasher done
Event: 3.821 loading class org/gradle/internal/fingerprint/hashing/ZipEntryContextHasher
Event: 3.821 loading class org/gradle/internal/fingerprint/hashing/ZipEntryContextHasher done
Event: 3.822 loading class org/gradle/internal/fingerprint/impl/DefaultGenericFileTreeSnapshotter
Event: 3.822 loading class org/gradle/internal/fingerprint/impl/DefaultGenericFileTreeSnapshotter done
Event: 3.822 loading class org/gradle/internal/fingerprint/impl/DefaultFileCollectionSnapshotter
Event: 3.822 loading class org/gradle/internal/fingerprint/impl/DefaultFileCollectionSnapshotter done


Dynamic libraries:
0x00007ff7a5ea0000 - 0x00007ff7a5eef000 	C:\Program Files\Java\jre1.8.0_431\bin\java.exe
0x00007ff951710000 - 0x00007ff951927000 	C:\WINDOWS\SYSTEM32\ntdll.dll
0x00007ff951480000 - 0x00007ff951544000 	C:\WINDOWS\System32\KERNEL32.DLL
0x00007ff94ec90000 - 0x00007ff94f049000 	C:\WINDOWS\System32\KERNELBASE.dll
0x00007ff950a90000 - 0x00007ff950b42000 	C:\WINDOWS\System32\ADVAPI32.dll
0x00007ff951350000 - 0x00007ff9513f7000 	C:\WINDOWS\System32\msvcrt.dll
0x00007ff950b60000 - 0x00007ff950c07000 	C:\WINDOWS\System32\sechost.dll
0x00007ff94f400000 - 0x00007ff94f428000 	C:\WINDOWS\System32\bcrypt.dll
0x00007ff950970000 - 0x00007ff950a84000 	C:\WINDOWS\System32\RPCRT4.dll
0x00007ff9501f0000 - 0x00007ff95039e000 	C:\WINDOWS\System32\USER32.dll
0x00007ff94f3d0000 - 0x00007ff94f3f6000 	C:\WINDOWS\System32\win32u.dll
0x00007ff951110000 - 0x00007ff951139000 	C:\WINDOWS\System32\GDI32.dll
0x00007ff94f050000 - 0x00007ff94f16b000 	C:\WINDOWS\System32\gdi32full.dll
0x00007ff94ea10000 - 0x00007ff94eaaa000 	C:\WINDOWS\System32\msvcp_win.dll
0x00007ff94f170000 - 0x00007ff94f281000 	C:\WINDOWS\System32\ucrtbase.dll
0x00007ff937fd0000 - 0x00007ff938262000 	C:\WINDOWS\WinSxS\amd64_microsoft.windows.common-controls_6595b64144ccf1df_6.0.22621.4391_none_2715d37f73803e96\COMCTL32.dll
0x00007ff9501a0000 - 0x00007ff9501d1000 	C:\WINDOWS\System32\IMM32.DLL
0x00007ff93cff0000 - 0x00007ff93d00b000 	C:\Program Files\Java\jre1.8.0_431\bin\vcruntime140.dll
0x00007ff948820000 - 0x00007ff94882c000 	C:\Program Files\Java\jre1.8.0_431\bin\vcruntime140_1.dll
0x00007ff93b500000 - 0x00007ff93b58e000 	C:\Program Files\Java\jre1.8.0_431\bin\msvcp140.dll
0x00007ff8e0740000 - 0x00007ff8e0fea000 	C:\Program Files\Java\jre1.8.0_431\bin\server\jvm.dll
0x00007ff94f430000 - 0x00007ff94f438000 	C:\WINDOWS\System32\PSAPI.DLL
0x00007ff92eb70000 - 0x00007ff92eb79000 	C:\WINDOWS\SYSTEM32\WSOCK32.dll
0x00007ff9485c0000 - 0x00007ff9485f4000 	C:\WINDOWS\SYSTEM32\WINMM.dll
0x00007ff94add0000 - 0x00007ff94adda000 	C:\WINDOWS\SYSTEM32\VERSION.dll
0x00007ff9508f0000 - 0x00007ff950961000 	C:\WINDOWS\System32\WS2_32.dll
0x00007ff94daa0000 - 0x00007ff94dab8000 	C:\WINDOWS\SYSTEM32\kernel.appcore.dll
0x00007ff948790000 - 0x00007ff9487a0000 	C:\Program Files\Java\jre1.8.0_431\bin\verify.dll
0x00007ff93bfa0000 - 0x00007ff93bfcb000 	C:\Program Files\Java\jre1.8.0_431\bin\java.dll
0x00007ff93c480000 - 0x00007ff93c498000 	C:\Program Files\Java\jre1.8.0_431\bin\zip.dll
0x00007ff94f440000 - 0x00007ff94fcb6000 	C:\WINDOWS\System32\SHELL32.dll
0x00007ff94c7a0000 - 0x00007ff94d0a3000 	C:\WINDOWS\SYSTEM32\windows.storage.dll
0x00007ff9504b0000 - 0x00007ff95083f000 	C:\WINDOWS\System32\combase.dll
0x00007ff94d0f0000 - 0x00007ff94d22f000 	C:\WINDOWS\SYSTEM32\wintypes.dll
0x00007ff950040000 - 0x00007ff950139000 	C:\WINDOWS\System32\SHCORE.dll
0x00007ff950140000 - 0x00007ff95019e000 	C:\WINDOWS\System32\shlwapi.dll
0x00007ff94e940000 - 0x00007ff94e96b000 	C:\WINDOWS\SYSTEM32\profapi.dll
0x00007ff93bb20000 - 0x00007ff93bb3c000 	C:\Program Files\Java\jre1.8.0_431\bin\net.dll
0x00007ff94df80000 - 0x00007ff94dfe9000 	C:\WINDOWS\system32\mswsock.dll
0x00007ff93b4e0000 - 0x00007ff93b4f3000 	C:\Program Files\Java\jre1.8.0_431\bin\nio.dll
0x00007ff8eebf0000 - 0x00007ff8eec17000 	C:\Users\super\.gradle\native\c067742578af261105cb4f569cf0c3c89f3d7b1fecec35dd04571415982c5e48\windows-amd64\native-platform.dll
0x00007ff8e6930000 - 0x00007ff8e6a74000 	C:\Users\super\.gradle\native\38dada09dfb8b06ba9b0570ebf7e218e3eb74d4ef43ca46872605cf95ebc2f47\windows-amd64\native-platform-file-events.dll
0x00007ff93d190000 - 0x00007ff93d19d000 	C:\Program Files\Java\jre1.8.0_431\bin\management.dll
0x00007ff94e1a0000 - 0x00007ff94e1bb000 	C:\WINDOWS\SYSTEM32\CRYPTSP.dll
0x00007ff94da60000 - 0x00007ff94da95000 	C:\WINDOWS\system32\rsaenh.dll
0x00007ff94e040000 - 0x00007ff94e068000 	C:\WINDOWS\SYSTEM32\USERENV.dll
0x00007ff94f290000 - 0x00007ff94f30b000 	C:\WINDOWS\System32\bcryptprimitives.dll
0x00007ff94e1c0000 - 0x00007ff94e1cc000 	C:\WINDOWS\SYSTEM32\CRYPTBASE.dll
0x00007ff94d4f0000 - 0x00007ff94d51d000 	C:\WINDOWS\SYSTEM32\IPHLPAPI.DLL
0x00007ff9503a0000 - 0x00007ff9503a9000 	C:\WINDOWS\System32\NSI.dll
0x00007ff9484d0000 - 0x00007ff9484e9000 	C:\WINDOWS\SYSTEM32\dhcpcsvc6.DLL
0x00007ff9484b0000 - 0x00007ff9484cf000 	C:\WINDOWS\SYSTEM32\dhcpcsvc.DLL
0x00007ff94d560000 - 0x00007ff94d662000 	C:\WINDOWS\SYSTEM32\DNSAPI.dll
0x00007ff94c2d0000 - 0x00007ff94c502000 	C:\WINDOWS\SYSTEM32\dbghelp.dll
0x00007ff94fed0000 - 0x00007ff94ffa7000 	C:\WINDOWS\System32\OLEAUT32.dll

VM Arguments:
jvm_args: -Xmx1536m -Dfile.encoding=utf8 -Duser.country=US -Duser.language=en -Duser.variant 
java_command: org.gradle.launcher.daemon.bootstrap.GradleDaemon 7.6.3
java_class_path (initial): C:\Users\super\.gradle\wrapper\dists\gradle-7.6.3-all\aocdy2d2z8kodnny3rsumj8i8\gradle-7.6.3\lib\gradle-launcher-7.6.3.jar
Launcher Type: SUN_STANDARD

Environment Variables:
PATH=C:\Program Files\Common Files\Oracle\Java\javapath;C:\Program Files (x86)\Common Files\Oracle\Java\java8path;C:\Program Files (x86)\Common Files\Oracle\Java\javapath;C:\WINDOWS\system32;C:\WINDOWS;C:\WINDOWS\System32\Wbem;C:\WINDOWS\System32\WindowsPowerShell\v1.0\;C:\WINDOWS\System32\OpenSSH\;C:\Program Files\dotnet\;C:\Users\super\AppData\Local\Android\Sdk;D:\Flutter\bin;C:\Program Files\Git\cmd;C:\Program Files (x86)\NVIDIA Corporation\PhysX\Common;C:\Program Files\NVIDIA Corporation\NVIDIA app\NvDLISR;C:\Program Files\Go\bin;C:\Users\super\AppData\Local\Microsoft\WindowsApps;C:\Users\super\AppData\Local\Programs\Microsoft VS Code\bin;D:\Flutter\bin;C:\Users\super\AppData\Local\Android\Sdk;C:\Users\super\AppData\Local\GitHubDesktop\bin;C:\Program Files\Oracle\Virtualbox;C:\Users\super\go\bin;C:\Users\super\AppData\Local\Android\Sdk\platform-tools;D:\platform-tools;
USERNAME=super
OS=Windows_NT
PROCESSOR_IDENTIFIER=Intel64 Family 6 Model 165 Stepping 2, GenuineIntel



---------------  S Y S T E M  ---------------

OS: Windows 11 , 64 bit Build 22621 (10.0.22621.4391)

CPU:total 8 (initial active 8) (4 cores per cpu, 2 threads per core) family 6 model 165 stepping 2, cmov, cx8, fxsr, mmx, sse, sse2, sse3, ssse3, sse4.1, sse4.2, popcnt, avx, avx2, aes, clmul, erms, 3dnowpref, lzcnt, ht, tsc, tscinvbit, bmi1, bmi2, adx

Memory: 4k page, physical 8221704k(474776k free), swap 33387528k(2072k free)

vm_info: Java HotSpot(TM) 64-Bit Server VM (25.431-b10) for windows-amd64 JRE (1.8.0_431-b10), built on Sep 30 2024 08:11:54 by "java_re" with MS VC++ 17.6 (VS2022)

time: Thu Oct 31 16:30:15 2024
timezone: Intel64 Family 6 Model 165 Stepping 2, GenuineIntel
elapsed time: 3.845851 seconds (0d 0h 0m 3s)

